
LSNRCTL for Linux: Version 10.2.0.1.0 - Production on 22-JUN-2024 21:43:33

Copyright (c) 1991, 2005, Oracle.  All rights reserved.

Starting /usr/lib/oracle/xe/app/oracle/product/10.2.0/server/bin/tnslsnr: please wait...

TNSLSNR for Linux: Version 10.2.0.1.0 - Production
System parameter file is /usr/lib/oracle/xe/app/oracle/product/10.2.0/server/network/admin/listener.ora
Log messages written to /usr/lib/oracle/xe/app/oracle/product/10.2.0/server/network/log/listener.log
Listening on: (DESCRIPTION=(ADDRESS=(PROTOCOL=ipc)(KEY=EXTPROC_FOR_XE)))
Listening on: (DESCRIPTION=(ADDRESS=(PROTOCOL=tcp)(HOST=sonu)(PORT=5353)))

Connecting to (DESCRIPTION=(ADDRESS=(PROTOCOL=IPC)(KEY=EXTPROC_FOR_XE)))
STATUS of the LISTENER
------------------------
Alias                     LISTENER
Version                   TNSLSNR for Linux: Version 10.2.0.1.0 - Production
Start Date                22-JUN-2024 21:43:33
Uptime                    0 days 0 hr. 0 min. 0 sec
Trace Level               off
Security                  ON: Local OS Authentication
SNMP                      OFF
Default Service           XE
Listener Parameter File   /usr/lib/oracle/xe/app/oracle/product/10.2.0/server/network/admin/listener.ora
Listener Log File         /usr/lib/oracle/xe/app/oracle/product/10.2.0/server/network/log/listener.log
Listening Endpoints Summary...
  (DESCRIPTION=(ADDRESS=(PROTOCOL=ipc)(KEY=EXTPROC_FOR_XE)))
  (DESCRIPTION=(ADDRESS=(PROTOCOL=tcp)(HOST=sonu)(PORT=5353)))
Services Summary...
Service "PLSExtProc" has 1 instance(s).
  Instance "PLSExtProc", status UNKNOWN, has 1 handler(s) for this service...
The command completed successfully
